\BOOKMARK [0][-]{chapter.1}{\376\377\000P\000r\000o\000j\000e\000k\000t\000p\000l\000a\000n\000u\000n\000g}{}% 1
\BOOKMARK [1][-]{section.1.1}{\376\377\000A\000u\000s\000g\000a\000n\000s\000s\000i\000t\000u\000a\000t\000i\000o\000n}{chapter.1}% 2
\BOOKMARK [2][-]{subsection.1.1.1}{\376\377\000P\000r\000o\000j\000e\000k\000t\000z\000i\000e\000l\000e}{section.1.1}% 3
\BOOKMARK [2][-]{subsection.1.1.2}{\376\377\000T\000e\000i\000l\000a\000u\000f\000g\000a\000b\000e\000n}{section.1.1}% 4
\BOOKMARK [2][-]{subsection.1.1.3}{\376\377\000P\000r\000o\000j\000e\000k\000t\000u\000m\000f\000e\000l\000d\000,\000\040\000P\000r\000o\000j\000e\000k\000t\000s\000c\000h\000n\000i\000t\000t\000s\000t\000e\000l\000l\000e\000n}{section.1.1}% 5
\BOOKMARK [1][-]{section.1.2}{\376\377\000R\000e\000s\000s\000o\000u\000r\000c\000e\000n\000-\000\040\000u\000n\000d\000\040\000A\000b\000l\000a\000u\000f\000p\000l\000a\000n\000u\000n\000g}{chapter.1}% 6
\BOOKMARK [2][-]{subsection.1.2.1}{\376\377\000T\000e\000r\000m\000i\000n\000p\000l\000a\000n\000u\000n\000g}{section.1.2}% 7
\BOOKMARK [2][-]{subsection.1.2.2}{\376\377\000P\000e\000r\000s\000o\000n\000a\000l\000p\000l\000a\000n\000u\000n\000g}{section.1.2}% 8
\BOOKMARK [2][-]{subsection.1.2.3}{\376\377\000S\000a\000c\000h\000m\000i\000t\000t\000e\000l\000p\000l\000a\000n\000u\000n\000g}{section.1.2}% 9
\BOOKMARK [2][-]{subsection.1.2.4}{\376\377\000K\000o\000s\000t\000e\000n\000p\000l\000a\000n\000u\000n\000g}{section.1.2}% 10
\BOOKMARK [2][-]{subsection.1.2.5}{\376\377\000Q\000u\000a\000l\000i\000t\000\344\000t\000s\000p\000l\000a\000n\000u\000n\000g}{section.1.2}% 11
\BOOKMARK [0][-]{chapter.2}{\376\377\000D\000u\000r\000c\000h\000f\000\374\000h\000r\000u\000n\000g\000-\000\040\000u\000n\000d\000\040\000A\000u\000f\000t\000r\000a\000g\000s\000b\000e\000a\000r\000b\000e\000i\000t\000u\000n\000g}{}% 12
\BOOKMARK [1][-]{section.2.1}{\376\377\000E\000S\000P\0008\0002\0006\0006}{chapter.2}% 13
\BOOKMARK [2][-]{subsection.2.1.1}{\376\377\000A\000n\000s\000c\000h\000l\000i\000e\000\337\000e\000n\000\040\000d\000e\000r\000\040\000S\000e\000n\000s\000o\000r\000i\000k}{section.2.1}% 14
\BOOKMARK [2][-]{subsection.2.1.2}{\376\377\000S\000e\000n\000s\000o\000r\000d\000a\000t\000e\000n\000\040\000a\000u\000s\000l\000e\000s\000e\000n}{section.2.1}% 15
\BOOKMARK [2][-]{subsection.2.1.3}{\376\377\000W\000L\000A\000N\000\040\000V\000e\000r\000b\000i\000n\000d\000u\000n\000g}{section.2.1}% 16
\BOOKMARK [2][-]{subsection.2.1.4}{\376\377\000V\000e\000r\000b\000i\000n\000d\000e\000n\000\040\000z\000u\000\040\000u\000n\000d\000\040\000p\000u\000b\000l\000i\000s\000h\000e\000n\000\040\000a\000u\000f\000\040\000M\000Q\000T\000T\000\040\000B\000r\000o\000k\000e\000r}{section.2.1}% 17
\BOOKMARK [1][-]{section.2.2}{\376\377\000R\000a\000s\000p\000b\000e\000r\000r\000y\000\040\000P\000i}{chapter.2}% 18
\BOOKMARK [2][-]{subsection.2.2.1}{\376\377\000I\000n\000s\000t\000a\000l\000l\000a\000t\000i\000o\000n\000\040\000b\000e\000n\000\366\000t\000i\000g\000t\000e\000r\000\040\000S\000o\000f\000t\000w\000a\000r\000e}{section.2.2}% 19
\BOOKMARK [2][-]{subsection.2.2.2}{\376\377\000E\000i\000n\000r\000i\000c\000h\000t\000u\000n\000g\000\040\000d\000e\000r\000\040\000D\000a\000t\000e\000n\000b\000a\000n\000k}{section.2.2}% 20
\BOOKMARK [2][-]{subsection.2.2.3}{\376\377\000P\000r\000o\000g\000r\000a\000m\000m\000i\000e\000r\000u\000n\000g\000\040\000d\000e\000s\000\040\000N\000o\000d\000e\000J\000S\000-\000S\000e\000r\000v\000e\000r\000s}{section.2.2}% 21
\BOOKMARK [2][-]{subsection.2.2.4}{\376\377\000P\000r\000o\000g\000r\000a\000m\000i\000e\000r\000u\000n\000g\000\040\000d\000e\000r\000\040\000W\000e\000b\000s\000i\000t\000e\000\040\000z\000u\000r\000\040\000D\000a\000t\000e\000n\000v\000i\000s\000u\000a\000l\000i\000s\000i\000e\000r\000u\000n\000g}{section.2.2}% 22
\BOOKMARK [0][-]{chapter.3}{\376\377\000P\000r\000o\000j\000e\000k\000t\000e\000r\000g\000e\000b\000n\000i\000s\000s\000e}{}% 23
\BOOKMARK [1][-]{section.3.1}{\376\377\000P\000r\000o\000j\000e\000k\000t\000e\000r\000g\000e\000b\000n\000i\000s\000s\000e}{chapter.3}% 24
\BOOKMARK [2][-]{subsection.3.1.1}{\376\377\000A\000b\000n\000a\000h\000m\000e}{section.3.1}% 25
\BOOKMARK [2][-]{subsection.3.1.2}{\376\377\000S\000o\000l\000l\000-\000I\000s\000t\000-\000V\000e\000r\000g\000l\000e\000i\000c\000h}{section.3.1}% 26
\BOOKMARK [2][-]{subsection.3.1.3}{\376\377\000B\000e\000w\000e\000r\000t\000u\000n\000g\000\040\000\050\000F\000a\000z\000i\000t\000,\000\040\000A\000u\000s\000b\000l\000i\000c\000k\000\051}{section.3.1}% 27
